nohup: ignoring input
Starting project at /home/ubuntu/Pulse
Starting Metro Bundler
warning: Bundler cache is empty, rebuilding (this may take a minute)
The following packages should be updated for best compatibility with the installed expo version:
  @expo/metro-runtime@3.2.3 - expected version: ~6.1.2
  @expo/vector-icons@14.1.0 - expected version: ^15.0.3
  expo-clipboard@6.0.3 - expected version: ~8.0.8
  expo-font@12.0.10 - expected version: ~14.0.11
  expo-linear-gradient@13.0.2 - expected version: ~15.0.8
  expo-print@13.0.1 - expected version: ~15.0.8
  expo-sharing@12.0.1 - expected version: ~14.0.8
  expo-status-bar@1.12.1 - expected version: ~3.0.9
  react@18.3.1 - expected version: 19.1.0
  react-dom@18.3.1 - expected version: 19.1.0
  react-native@0.76.0 - expected version: 0.81.5
  react-native-gesture-handler@2.20.2 - expected version: ~2.28.0
  react-native-reanimated@3.16.7 - expected version: ~4.1.1
  react-native-safe-area-context@4.12.0 - expected version: ~5.6.0
  react-native-screens@4.1.0 - expected version: ~4.16.0
  react-native-svg@15.8.0 - expected version: 15.12.1
  react-native-web@0.19.13 - expected version: ^0.21.0
  @types/react@18.3.28 - expected version: ~19.1.10
  typescript@5.3.3 - expected version: ~5.9.2
  babel-preset-expo@12.0.12 - expected version: ~54.0.10
Your project may not work correctly until you install the expected versions of the packages.
Waiting on http://localhost:8081
Logs for your project will appear below.
Killed
